<?xml version="1.0" encoding="UTF-8"?>
<testng-results skipped="0" failed="0" total="1" passed="1">
  <reporter-output>
  </reporter-output>
  <suite name="NopEcommerce" duration-ms="31052" started-at="2021-02-06T08:08:19Z" finished-at="2021-02-06T08:08:50Z">
    <groups>
    </groups>
    <test name="SmokeTest" duration-ms="31052" started-at="2021-02-06T08:08:19Z" finished-at="2021-02-06T08:08:50Z">
      <class name="com.automation.TestScripts.LoginPageTest">
        <test-method status="PASS" signature="openbrowser(java.lang.String)[pri:0, instance:com.automation.TestScripts.LoginPageTest@61d47554]" name="openbrowser" is-config="true" duration-ms="32240" started-at="2021-02-06T13:37:47Z" finished-at="2021-02-06T13:38:19Z">
          <params>
            <param index="0">
              <value>
                <![CDATA[chrome]]>
              </value>
            </param>
          </params>
          <reporter-output>
          </reporter-output>
        </test-method> <!-- openbrowser -->
        <test-method status="PASS" signature="login()[pri:0, instance:com.automation.TestScripts.LoginPageTest@61d47554]" name="login" duration-ms="26947" started-at="2021-02-06T13:38:21Z" finished-at="2021-02-06T13:38:48Z">
          <reporter-output>
          </reporter-output>
        </test-method> <!-- login -->
        <test-method status="PASS" signature="AfterTCExcution(org.testng.ITestResult)[pri:0, instance:com.automation.TestScripts.LoginPageTest@61d47554]" name="AfterTCExcution" is-config="true" duration-ms="1431" started-at="2021-02-06T13:38:48Z" finished-at="2021-02-06T13:38:50Z">
          <params>
            <param index="0">
              <value>
                <![CDATA[[TestResult name=login status=SUCCESS method=LoginPageTest.login()[pri:0, instance:com.automation.TestScripts.LoginPageTest@61d47554] output={null}]]]>
              </value>
            </param>
          </params>
          <reporter-output>
          </reporter-output>
        </test-method> <!-- AfterTCExcution -->
        <test-method status="PASS" signature="teardown()[pri:0, instance:com.automation.TestScripts.LoginPageTest@61d47554]" name="teardown" is-config="true" duration-ms="0" started-at="2021-02-06T13:38:53Z" finished-at="2021-02-06T13:38:53Z">
          <reporter-output>
          </reporter-output>
        </test-method> <!-- teardown -->
      </class> <!-- com.automation.TestScripts.LoginPageTest -->
    </test> <!-- SmokeTest -->
  </suite> <!-- NopEcommerce -->
</testng-results>
