<?xml version="1.0" encoding="UTF-8"?>
<testng-results skipped="0" failed="0" total="1" passed="1">
  <reporter-output>
  </reporter-output>
  <suite name="NopEcommerce" duration-ms="48201" started-at="2021-01-31T05:23:33Z" finished-at="2021-01-31T05:24:22Z">
    <groups>
    </groups>
    <test name="SmokeTest" duration-ms="48201" started-at="2021-01-31T05:23:33Z" finished-at="2021-01-31T05:24:22Z">
      <class name="com.automation.TestScripts.LoginPageTest">
        <test-method status="PASS" signature="openbrowser(java.lang.String)[pri:0, instance:com.automation.TestScripts.LoginPageTest@61d47554]" name="openbrowser" is-config="true" duration-ms="64002" started-at="2021-01-31T10:52:29Z" finished-at="2021-01-31T10:53:33Z">
          <params>
            <param index="0">
              <value>
                <![CDATA[chrome]]>
              </value>
            </param>
          </params>
          <reporter-output>
          </reporter-output>
        </test-method> <!-- openbrowser -->
        <test-method status="PASS" signature="login()[pri:0, instance:com.automation.TestScripts.LoginPageTest@61d47554]" name="login" duration-ms="39231" started-at="2021-01-31T10:53:42Z" finished-at="2021-01-31T10:54:21Z">
          <reporter-output>
          </reporter-output>
        </test-method> <!-- login -->
        <test-method status="PASS" signature="AfterTCExcution(org.testng.ITestResult)[pri:0, instance:com.automation.TestScripts.LoginPageTest@61d47554]" name="AfterTCExcution" is-config="true" duration-ms="542" started-at="2021-01-31T10:54:21Z" finished-at="2021-01-31T10:54:22Z">
          <params>
            <param index="0">
              <value>
                <![CDATA[[TestResult name=login status=SUCCESS method=LoginPageTest.login()[pri:0, instance:com.automation.TestScripts.LoginPageTest@61d47554] output={null}]]]>
              </value>
            </param>
          </params>
          <reporter-output>
          </reporter-output>
        </test-method> <!-- AfterTCExcution -->
        <test-method status="PASS" signature="teardown()[pri:0, instance:com.automation.TestScripts.LoginPageTest@61d47554]" name="teardown" is-config="true" duration-ms="1" started-at="2021-01-31T10:54:23Z" finished-at="2021-01-31T10:54:23Z">
          <reporter-output>
          </reporter-output>
        </test-method> <!-- teardown -->
      </class> <!-- com.automation.TestScripts.LoginPageTest -->
    </test> <!-- SmokeTest -->
  </suite> <!-- NopEcommerce -->
</testng-results>
