<?xml version="1.0" encoding="UTF-8"?>
<testng-results skipped="0" failed="1" total="1" passed="0">
  <reporter-output>
  </reporter-output>
  <suite name="Default suite" duration-ms="1970" started-at="2021-01-09T10:14:59Z" finished-at="2021-01-09T10:15:01Z">
    <groups>
    </groups>
    <test name="Default test" duration-ms="1970" started-at="2021-01-09T10:14:59Z" finished-at="2021-01-09T10:15:01Z">
      <class name="com.automation.TestScripts.LoginPageTest">
        <test-method status="PASS" signature="openbrowser(java.lang.String)[pri:0, instance:com.automation.TestScripts.LoginPageTest@1460a8c0]" name="openbrowser" is-config="true" duration-ms="15277" started-at="2021-01-09T15:44:44Z" finished-at="2021-01-09T15:44:59Z">
          <params>
            <param index="0">
              <value>
                <![CDATA[chrome]]>
              </value>
            </param>
          </params>
          <reporter-output>
          </reporter-output>
        </test-method> <!-- openbrowser -->
        <test-method status="FAIL" signature="login()[pri:0, instance:com.automation.TestScripts.LoginPageTest@1460a8c0]" name="login" duration-ms="924" started-at="2021-01-09T15:44:59Z" finished-at="2021-01-09T15:45:00Z">
          <exception class="java.lang.NullPointerException">
            <full-stacktrace>
              <![CDATA[java.lang.NullPointerException
	at com.automation.TestScripts.LoginPageTest.login(LoginPageTest.java:23)
	at sun.reflect.NativeMethodAccessorImpl.invoke0(Native Method)
	at sun.reflect.NativeMethodAccessorImpl.invoke(NativeMethodAccessorImpl.java:62)
	at sun.reflect.DelegatingMethodAccessorImpl.invoke(DelegatingMethodAccessorImpl.java:43)
	at java.lang.reflect.Method.invoke(Method.java:498)
	at org.testng.internal.MethodInvocationHelper.invokeMethod(MethodInvocationHelper.java:86)
	at org.testng.internal.Invoker.invokeMethod(Invoker.java:643)
	at org.testng.internal.Invoker.invokeTestMethod(Invoker.java:820)
	at org.testng.internal.Invoker.invokeTestMethods(Invoker.java:1128)
	at org.testng.internal.TestMethodWorker.invokeTestMethods(TestMethodWorker.java:129)
	at org.testng.internal.TestMethodWorker.run(TestMethodWorker.java:112)
	at org.testng.TestRunner.privateRun(TestRunner.java:782)
	at org.testng.TestRunner.run(TestRunner.java:632)
	at org.testng.SuiteRunner.runTest(SuiteRunner.java:366)
	at org.testng.SuiteRunner.runSequentially(SuiteRunner.java:361)
	at org.testng.SuiteRunner.privateRun(SuiteRunner.java:319)
	at org.testng.SuiteRunner.run(SuiteRunner.java:268)
	at org.testng.SuiteRunnerWorker.runSuite(SuiteRunnerWorker.java:52)
	at org.testng.SuiteRunnerWorker.run(SuiteRunnerWorker.java:86)
	at org.testng.TestNG.runSuitesSequentially(TestNG.java:1244)
	at org.testng.TestNG.runSuitesLocally(TestNG.java:1169)
	at org.testng.TestNG.run(TestNG.java:1064)
	at org.testng.remote.AbstractRemoteTestNG.run(AbstractRemoteTestNG.java:115)
	at org.testng.remote.RemoteTestNG.initAndRun(RemoteTestNG.java:251)
	at org.testng.remote.RemoteTestNG.main(RemoteTestNG.java:77)
]]>
            </full-stacktrace>
          </exception> <!-- java.lang.NullPointerException -->
          <reporter-output>
          </reporter-output>
        </test-method> <!-- login -->
        <test-method status="PASS" signature="AfterTCExcution(org.testng.ITestResult)[pri:0, instance:com.automation.TestScripts.LoginPageTest@1460a8c0]" name="AfterTCExcution" is-config="true" duration-ms="1006" started-at="2021-01-09T15:45:00Z" finished-at="2021-01-09T15:45:01Z">
          <params>
            <param index="0">
              <value>
                <![CDATA[[TestResult name=login status=FAILURE method=LoginPageTest.login()[pri:0, instance:com.automation.TestScripts.LoginPageTest@1460a8c0] output={null}]]]>
              </value>
            </param>
          </params>
          <reporter-output>
          </reporter-output>
        </test-method> <!-- AfterTCExcution -->
        <test-method status="PASS" signature="teardown()[pri:0, instance:com.automation.TestScripts.LoginPageTest@1460a8c0]" name="teardown" is-config="true" duration-ms="0" started-at="2021-01-09T15:45:01Z" finished-at="2021-01-09T15:45:01Z">
          <reporter-output>
          </reporter-output>
        </test-method> <!-- teardown -->
      </class> <!-- com.automation.TestScripts.LoginPageTest -->
    </test> <!-- Default test -->
  </suite> <!-- Default suite -->
</testng-results>
